{
  "AAPL":   "Apple Inc.",
  "MSFT":   "Microsoft Corp.",
  "NVDA":   "NVIDIA Corp.",
  "GOOGL":  "Alphabet Inc. Class A",
  "GOOG":   "Alphabet Inc. Class C",
  "AMZN":   "Amazon.com Inc.",
  "META":   "Meta Platforms Inc.",
  "TSLA":   "Tesla Inc.",
  "AVGO":   "Broadcom Inc.",
  "COST":   "Costco Wholesale Corp.",
  "ADBE":   "Adobe Inc.",
  "PEP":    "PepsiCo Inc.",
  "NFLX":   "Netflix Inc.",
  "AMD":    "Advanced Micro Devices Inc.",
  "INTC":   "Intel Corp.",
  "QCOM":   "Qualcomm Inc.",
  "CMCSA":  "Comcast Corp.",
  "TXN":    "Texas Instruments Inc.",
  "AMGN":   "Amgen Inc.",
  "HON":    "Honeywell International Inc.",
  "AMAT":   "Applied Materials Inc.",
  "SBUX":   "Starbucks Corp.",
  "ISRG":   "Intuitive Surgical Inc.",
  "BKNG":   "Booking Holdings Inc.",
  "GILD":   "Gilead Sciences Inc."
}