{
  "GS":     "Goldman Sachs Group Inc.",
  "UNH":    "UnitedHealth Group Inc.",
  "CAT":    "Caterpillar Inc.",
  "DIS":    "The Walt Disney Company",
  "NVDA":   "NVIDIA Corporation",
  "AMZN":   "Amazon.com Inc.",
  "NKE":    "Nike Inc.",
  "SHW":    "The Sherwin-Williams Co.",
  "HD":     "The Home Depot Inc.",
  "CSCO":   "Cisco Systems Inc.",
  "MMM":    "3M Company",
  "AAPL":   "Apple Inc.",
  "TRV":    "Travelers Companies Inc.",
  "HON":    "Honeywell International Inc.",
  "MSFT":   "Microsoft Corp.",
  "PG":     "Procter & Gamble Co.",
  "KO":     "Coca-Cola Co.",
  "AXP":    "American Express Co.",
  "WMT":    "Walmart Inc.",
  "V":      "Visa Inc.",
  "VZ":     "Verizon Communications Inc.",
  "AMGN":   "Amgen Inc.",
  "BA":     "Boeing Co.",
  "MRK":    "Merck & Co. Inc.",
  "MCD":    "McDonald's Corp.",
  "CRM":    "Salesforce Inc.",
  "CVX":    "Chevron Corp.",
  "JPM":    "JPMorgan Chase & Co.",
  "JNJ":    "Johnson & Johnson",
  "IBM":    "International Business Machines Corp."
}