{
	"SPY": "US S&P 500 Index (US78462F1030)",
	"EWJ": "Japan (US4642868487)",
	"EPP": "Asia (less Japan) (US4642866655)",
	"EFA": "MSCI EAFE Idx (European/Australasian) (US4642874659)",
	"ILF": "Latin America 40 (large caps) (US4642873909)",
	"EZU": "MSCI EMU Index (US4642866085)",
	"EEM": "Emerging Markets (US4642872349)",
	"DIA": "US, Large, Value (US78467X1090)",
	"QQQ": "US, Large, Growth (US73935A1043)",
	"IJJ": "US, Mid, Value (US4642877058)",
	"MDY": "US, Mid, Blend (US78467Y1073)",
	"IJK": "US, Mid, Growth (US4642876068)",
	"IJS": "US, Small, Value (US4642878791)",
	"IJR": "US, Small, Blend (US4642878049)",
	"IJT": "US, Small, Growth (US4642878874)",
	"TLT": "Long Term Treasuries (US4642874329)",
	"RWR": "Real Estate Index (US78464A6073)",
	"LQD": "Corporate Bond Index (US4642872422)",
	"GLD": "Gold (US78463V1070)",
	"EWA": "Australia (US4642861037)",
	"EWH": "Hong Kong (US4642868719)",
	"EWM": "Malaysia (US4642868305)",
	"EWS": "Singapore (US4642866739)",
	"EWT": "Taiwan (US4642867315)",
	"EWY": "South Korea (US4642867729)",
	"INDA": "India (US46429B5984)",
	"MCHI": "China (US46429B6719)",
	"EWC": "Canada (US4642865095)",
	"EWW": "Mexico (US4642868222)",
	"EWZ": "Brazil (US4642864007)",
	"EWD": "Sweden (US4642867562)",
	"EWG": "Germany (US4642868065)",
	"EWK": "Belgium (US4642863017)",
	"EWL": "Switzerland (US4642867497)",
	"EWN": "Netherlands (US4642868149)",
	"EWO": "Austria (US4642862027)",
	"EWP": "Spain (US4642867646)",
	"EWI": "Italy (US4642868552)",
	"EWQ": "France (US4642867075)",
	"EWU": "UK (US4642866994)",
	"TUR": "Turkey (US4642867158)",
	"EPOL": "Poland (US46429B6065)",
	"URTH": "MSCI World (US4642863926)",
	"IEV": "Europe 350 Idx (US4642878619)",
	"ENOR": "Norway (US46429B4995)",
	"EFNL": "Finland (US46429B5158)",
	"EDEN": "Denmark (US46429B5232)",
	"EIRL": "Ireland (US46429B5075)",
	"EIS": "Israel (US4642866325)",
	"EZA": "South Africa (US4642867802)",
	"ECH": "Chile (US4642866408)",
	"EPU": "Peru (US4642898427)",
	"EIDO": "Indonesia (US46429B3096)",
	"THD": "Thailand (US4642866242)",
	"EPHE": "Phillippines (US46429B4086)",
	"RXI": "Global Consumer Discretionary (US4642887453)",
	"IXC": "Global Energy (US4642873412)",
	"IXG": "Global Financials (US4642873339)",
	"IXJ": "Global Healthcare (US4642873255)",
	"EXI": "Global Industrials (US4642887297)",
	"MXI": "Global Materials (US4642886950)",
	"WOOD": "Global Timber and Forestry (US4642881746)",
	"IXN": "Global Tech (US4642872919)",
	"IXP": "Global Telecom (US4642872752)",
	"JXI": "Global Utilities (US4642887115)"
}